<?xml version="1.0" encoding="UTF-8"?>
<!-- Generated by org.testng.reporters.JUnitXMLReporter -->
<testsuite hostname="LAPTOP-C1KGDM9L" failures="0" tests="3" name="Default test" time="0.141" errors="0" timestamp="5 Jul 2023 17:08:34 GMT">
  <testcase classname="com.testngtask.Order" name="launch3" time="0.009"/>
  <testcase classname="com.testngtask.Order" name="launch5" time="0.012"/>
  <testcase classname="com.testngtask.Order" name="launch4" time="0.012"/>
</testsuite> <!-- Default test -->
