<?xml version="1.0" encoding="UTF-8"?>
<!-- Generated by org.testng.reporters.JUnitXMLReporter -->
<testsuite hostname="LAPTOP-C1KGDM9L" failures="0" tests="8" name="Test1" time="25.947" errors="0" timestamp="3 Jul 2023 04:36:09 GMT">
  <testcase classname="com.testngtask.FacebookTask" name="user_create_Account" time="3.456"/>
  <testcase classname="com.testngtask.FacebookTask" name="user_enters_firstname" time="0.492"/>
  <testcase classname="com.testngtask.FacebookTask" name="user_enters_lastname" time="0.387"/>
  <testcase classname="com.testngtask.FacebookTask" name="user_enters_mobilenumber" time="0.573"/>
  <testcase classname="com.testngtask.FacebookTask" name="user_enters_password" time="0.962"/>
  <testcase classname="com.testngtask.FacebookTask" name="user_enters_dateofbirth" time="5.576"/>
  <testcase classname="com.testngtask.FacebookTask" name="user_selects_gender" time="0.167"/>
  <testcase classname="com.testngtask.FacebookTask" name="user_takes_screenshot" time="0.329"/>
</testsuite> <!-- Test1 -->
