<?xml version="1.0" encoding="UTF-8"?>
<testng-results total="3" passed="3" failed="0" skipped="0">
  <reporter-output>
  </reporter-output>
  <suite started-at="2023-07-05T17:08:34Z" name="Default suite" finished-at="2023-07-05T17:08:34Z" duration-ms="141">
    <groups>
    </groups>
    <test started-at="2023-07-05T17:08:34Z" name="Default test" finished-at="2023-07-05T17:08:34Z" duration-ms="141">
      <class name="com.testngtask.Order">
        <test-method is-config="true" signature="launch1()[pri:0, instance:com.testngtask.Order@d771cc9]" started-at="2023-07-05T22:38:34Z" name="launch1" finished-at="2023-07-05T22:38:34Z" duration-ms="36" status="PASS">
          <reporter-output>
          </reporter-output>
        </test-method> <!-- launch1 -->
        <test-method is-config="true" signature="launch2()[pri:0, instance:com.testngtask.Order@d771cc9]" started-at="2023-07-05T22:38:34Z" name="launch2" finished-at="2023-07-05T22:38:34Z" duration-ms="0" status="PASS">
          <reporter-output>
          </reporter-output>
        </test-method> <!-- launch2 -->
        <test-method signature="launch3()[pri:0, instance:com.testngtask.Order@d771cc9]" started-at="2023-07-05T22:38:34Z" name="launch3" finished-at="2023-07-05T22:38:34Z" duration-ms="9" status="PASS">
          <reporter-output>
          </reporter-output>
        </test-method> <!-- launch3 -->
        <test-method signature="launch5()[pri:0, instance:com.testngtask.Order@d771cc9]" started-at="2023-07-05T22:38:34Z" name="launch5" finished-at="2023-07-05T22:38:34Z" duration-ms="12" status="PASS">
          <reporter-output>
          </reporter-output>
        </test-method> <!-- launch5 -->
        <test-method signature="launch4()[pri:1, instance:com.testngtask.Order@d771cc9]" started-at="2023-07-05T22:38:34Z" name="launch4" finished-at="2023-07-05T22:38:34Z" duration-ms="12" status="PASS">
          <reporter-output>
          </reporter-output>
        </test-method> <!-- launch4 -->
      </class> <!-- com.testngtask.Order -->
    </test> <!-- Default test -->
  </suite> <!-- Default suite -->
</testng-results>
